[debug] [2026-03-07T02:04:54.434Z] ----------------------------------------------------------------------
[debug] [2026-03-07T02:04:54.440Z] Command:       C:\Program Files\nodejs\node.exe C:\Users\Priscila\AppData\Roaming\npm\node_modules\firebase-tools\lib\bin\firebase.js deploy --only hosting --debug
[debug] [2026-03-07T02:04:54.441Z] CLI Version:   15.5.1
[debug] [2026-03-07T02:04:54.441Z] Platform:      win32
[debug] [2026-03-07T02:04:54.441Z] Node Version:  v24.13.0
[debug] [2026-03-07T02:04:54.441Z] Time:          Fri Mar 06 2026 23:04:54 GMT-0300 (Horário Padrão de Brasília)
[debug] [2026-03-07T02:04:54.441Z] ----------------------------------------------------------------------
[debug] 
[debug] [2026-03-07T02:04:57.637Z] > command requires scopes: ["email","openid","https://www.googleapis.com/auth/cloudplatformprojects.readonly","https://www.googleapis.com/auth/firebase","https://www.googleapis.com/auth/cloud-platform"]
[debug] [2026-03-07T02:04:57.638Z] > authorizing via signed-in user (tportooliveira@gmail.com)
[debug] [2026-03-07T02:04:57.639Z] [iam] checking project pecuaria-976e2 for permissions ["firebase.projects.get","firebasehosting.sites.update"]
[debug] [2026-03-07T02:04:57.640Z] Checked if tokens are valid: true, expires at: 1772852660117
[debug] [2026-03-07T02:04:57.641Z] Checked if tokens are valid: true, expires at: 1772852660117
[debug] [2026-03-07T02:04:57.642Z] >>> [apiv2][query] POST https://cloudresourcemanager.googleapis.com/v1/projects/pecuaria-976e2:testIamPermissions [none]
[debug] [2026-03-07T02:04:57.642Z] >>> [apiv2][(partial)header] POST https://cloudresourcemanager.googleapis.com/v1/projects/pecuaria-976e2:testIamPermissions  x-goog-user-project=pecuaria-976e2
[debug] [2026-03-07T02:04:57.642Z] >>> [apiv2][body] POST https://cloudresourcemanager.googleapis.com/v1/projects/pecuaria-976e2:testIamPermissions {"permissions":["firebase.projects.get","firebasehosting.sites.update"]}
[debug] [2026-03-07T02:05:02.641Z] <<< [apiv2][status] POST https://cloudresourcemanager.googleapis.com/v1/projects/pecuaria-976e2:testIamPermissions 200
[debug] [2026-03-07T02:05:02.641Z] <<< [apiv2][body] POST https://cloudresourcemanager.googleapis.com/v1/projects/pecuaria-976e2:testIamPermissions {"permissions":["firebase.projects.get","firebasehosting.sites.update"]}
[debug] [2026-03-07T02:05:02.642Z] Checked if tokens are valid: true, expires at: 1772852660117
[debug] [2026-03-07T02:05:02.643Z] Checked if tokens are valid: true, expires at: 1772852660117
[debug] [2026-03-07T02:05:02.643Z] >>> [apiv2][query] GET https://firebase.googleapis.com/v1beta1/projects/pecuaria-976e2 [none]
[debug] [2026-03-07T02:05:05.273Z] <<< [apiv2][status] GET https://firebase.googleapis.com/v1beta1/projects/pecuaria-976e2 200
[debug] [2026-03-07T02:05:05.274Z] <<< [apiv2][body] GET https://firebase.googleapis.com/v1beta1/projects/pecuaria-976e2 {"projectId":"pecuaria-976e2","projectNumber":"792670441939","displayName":"pecuaria","name":"projects/pecuaria-976e2","resources":{"hostingSite":"pecuaria-976e2"},"state":"ACTIVE","etag":"1_15467665-85b1-42cc-884f-a778bb1ad237"}
[info] 
[info] === Deploying to 'pecuaria-976e2'...
[info] 
[info] i  deploying hosting 
[debug] [2026-03-07T02:05:05.283Z] Checked if tokens are valid: true, expires at: 1772852660117
[debug] [2026-03-07T02:05:05.283Z] Checked if tokens are valid: true, expires at: 1772852660117
[debug] [2026-03-07T02:05:05.283Z] >>> [apiv2][query] POST https://firebasehosting.googleapis.com/v1beta1/projects/-/sites/pecuaria-976e2/versions [none]
[debug] [2026-03-07T02:05:05.283Z] >>> [apiv2][body] POST https://firebasehosting.googleapis.com/v1beta1/projects/-/sites/pecuaria-976e2/versions {"status":"CREATED","labels":{"deployment-tool":"cli-firebase"}}
[debug] [2026-03-07T02:05:06.955Z] <<< [apiv2][status] POST https://firebasehosting.googleapis.com/v1beta1/projects/-/sites/pecuaria-976e2/versions 200
[debug] [2026-03-07T02:05:06.955Z] <<< [apiv2][body] POST https://firebasehosting.googleapis.com/v1beta1/projects/-/sites/pecuaria-976e2/versions {"name":"projects/792670441939/sites/pecuaria-976e2/versions/afc683b1ee105d77","status":"CREATED","config":{},"labels":{"deployment-tool":"cli-firebase"}}
[info] i  hosting[pecuaria-976e2]: beginning deploy... 
[info] i  hosting[pecuaria-976e2]: found 75 files in dist 
[debug] [2026-03-07T02:05:06.986Z] [hosting] uploading with 200 concurrency
[debug] [2026-03-07T02:05:06.996Z] Checked if tokens are valid: true, expires at: 1772852660117
[debug] [2026-03-07T02:05:06.997Z] Checked if tokens are valid: true, expires at: 1772852660117
[debug] [2026-03-07T02:05:07.001Z] [hosting] hash cache [ZGlzdA] stored for 75 files
[debug] [2026-03-07T02:05:07.002Z] [hosting][hash queue][FINAL] {"max":5,"min":0,"avg":0.5744486385571858,"active":0,"complete":75,"success":75,"errored":0,"retried":0,"total":75,"elapsed":14}
[debug] [2026-03-07T02:05:07.003Z] >>> [apiv2][query] POST https://firebasehosting.googleapis.com/v1beta1/projects/792670441939/sites/pecuaria-976e2/versions/afc683b1ee105d77:populateFiles [none]
[debug] [2026-03-07T02:05:07.004Z] >>> [apiv2][body] POST https://firebasehosting.googleapis.com/v1beta1/projects/792670441939/sites/pecuaria-976e2/versions/afc683b1ee105d77:populateFiles {"files":{"/workbox-8c29f6e4.js":"e6bbac10a436d0fc8e8d14a3e7e59223173b23235e990cb3b8d0e71003f4da09","/sw.js":"21c2ae8448ed4a3075d9f2b5015cee0d6e619386fc339a6e29f900b97efe7077","/serra_premium.png":"ff7e1cfe00ff83009a72d830c6826e88992be87e12120be90651ca5c3442c59e\r","/serra_pasto.png":"538ba045d7dc754faa363898ee0e1fd5fcdd76430177892c289402d586e11507\r","/serra_final.png":"9e2db59fd4c25519a9cc52a591d1fc244bd1125f474f975e7104be4822ebee21\r","/serra_70_30.png":"eca6db215ada835e0abb27e18da0146af2ea5b0bef6d07c8513dc4942412d4a6\r","/serra.png":"921adda875b2e6e673535793a56ee9170ff6fcecbf848471488eacd22586d133\r","/registerSW.js":"09e15d1438017c065a3281739cb5506aeaf7b3047bc3ada992da01d4497c2d43","/manifest.webmanifest":"b8cdbb20bbf05cdb4e9cb2c54e1d2fc44d1d3703ad355332ad523a9bc4cfd9cf","/manifest-icon-512.maskable.png":"7bf21fc1215e81f939701c1a30cdb2b33b3d4f32a072e6d6805cf36b995a5752\r","/manifest-icon-192.maskable.png":"06e3a6df5576b765e0539b1bf34011ebd12d74660aeb40f3c63701e192239639\r","/logo.png":"4a22e05649f74619c7e61beb57d44a27d4e465a400c62de059c93882b8ffc056\r","/logo-thiago704.svg":"f558cfc5690d5eb577724e0d8ebb7b8c77e829a4326b247afc1a36213b1109de\r","/logo-thiago704-v3.svg":"4b122e8215676d2f72d7922113352c9488c5f132a2fd8fd968cfa6f4cb85b267\r","/logo-thiago704-v2.svg":"124fd546a323f19d4b9780e33f74f353bcdfeacfa252808c94fc9f271b07384f\r","/logo-thiago704-premium.png":"e89d97268f2995eda52818f6e89ea352f1f806a55b4c104367b2bf0d654669e2\r","/logo-thiago704-pdf.svg":"7c4ea1055339b5e6ca3e40cf77da7139f2ca140e86c2dd73b6af95101c97909e\r","/logo-thiago704-pb.png":"96b5069de1ba05ed6c3d836e19b7282a04e9f2c65fee601ca63c10ba70fe1ab3\r","/limpeza_premium.png":"ffc18c32660df9673629c7983aed0a9aed7032a6835b5498cb9069d5a61fb494\r","/index.html":"3f1ea84a34fb1c6c8bda3664fc8e8b093987622ee07ec27b222b7f3b2d2e57c2","/icon.svg":"d9983cd22494e382e83b8fca1303897ea1433354876f44e53466b23d8e66556a\r","/hero.png":"28b7b0be3c1076e96f19deeedf83d0d109a2245596e8748811698c849d2068d4\r","/assinatura_real.png":"05e37d4bb07fd0350ea382fa0ecd576ddd75e2323a11ba2e9acfdc99c4358a79\r","/assinatura.png":"d45ad992c5d18e6acc0d5a2e46b9601342787720dfa49627e8b0ea839097c440\r","/apple-splash-828-1792.jpg":"8274f7b82772b6074fb419b5f29c41660208c4cdbcb6a43f6c6413b12cb1aca6\r","/apple-splash-750-1334.jpg":"f0a3e58664d4addbd142151d0d8f8814e2e413a353dcbe0edc526b86e3ff28e8\r","/apple-splash-640-1136.jpg":"354887b240bdacfbd4a76f41c15479b9c547abd1c10f5bd2546d4317a63d7dbe\r","/apple-splash-2868-1320.jpg":"0ced0d39bba8b8176d3004b07fb79bbdb33219abd569a37fd3462392c7dbc735\r","/apple-splash-2796-1290.jpg":"ec7b76f912c034e55b2e7bd0f6d678f6dce698b7ed768e10f973bf5818b6b603\r","/apple-splash-2778-1284.jpg":"3a43cd2c192dbc8364eec76ac1bfde7d62244f7d35e49eb8df0dbddb099c360f\r","/apple-splash-2736-1260.jpg":"22c5dbb8d10486574a9ab1d0d40bb1f970999ea428c9b78edde860010eb4d6af\r","/apple-splash-2732-2048.jpg":"0796d47521dff75c06fa3a5e368ca12350f88e17f5a050f212c94961bcb8a714\r","/apple-splash-2688-1242.jpg":"8efe5ee0a5e30fa240aa19ee01a7783415796826cb5615177a0ed87639267cc9\r","/apple-splash-2622-1206.jpg":"98c4bad508d89be4ae18c607f296d3667301a192c293a7338a9492def1c500d0\r","/apple-splash-2556-1179.jpg":"991f3f14eeda107446550165c020bbe139c165ad484c85517920ab7638d2f6e4\r","/apple-splash-2532-1170.jpg":"0197f0eba10976e9a50e93699fc8fbdbc06cb68db1c0464ab21cd15c83b78bcb\r","/apple-splash-2436-1125.jpg":"f8417d5ba5479d2de29fa92b582bd51de9be30f9e48961a6fafae8150cbfe9b8\r","/apple-splash-2388-1668.jpg":"b5d346f307f9aed7fb7fe989982b75c665a2a5c967b8f5c96fb38dc617223471\r","/apple-splash-2360-1640.jpg":"8816c4dbd656d0f2e07c483133b4570164a07be8b4f753f4a1034f56462f336b\r","/apple-splash-2266-1488.jpg":"43539fb242bdcbf485b0caaf635a6c4a6a2e91d8ca4cc4472dd7460ce99f887a\r","/apple-splash-2224-1668.jpg":"948a49dde896112c93c14ff1933694a19d167ff0ca7018789ad72b121ed963de\r","/apple-splash-2208-1242.jpg":"fd9bc0f9e12a23b34ce98304f9e8371e7bf629923b80ab170696d11da3388f83\r","/apple-splash-2160-1620.jpg":"f22ba8c8357aa5dd68e0b48ed10c02c81a3e4ad9ddf6897919d761400c2a8031\r","/apple-splash-2048-2732.jpg":"36f9bd05e3b290b255cfb31371be3dc62e2e95f05f8e1e5978cbb838e831db8c\r","/apple-splash-2048-1536.jpg":"07939ae624a48f6ce458ebefe756708a321f7111350244ce08721d6a64df2f39\r","/apple-splash-1792-828.jpg":"45dddfc4f99d447d8c02351ffa14e9530d4fe939c0ad4db89f8b1c33bdc91fc3\r","/apple-splash-1668-2388.jpg":"5f7d9dcafdf7d92d4256bf46e04b214e53102b707d1c0d008a49e1001d383594\r","/apple-splash-1668-2224.jpg":"62691f338ba1434ef1a87002c516794e55b092a6e1e282ff4b3b9df2200c2b03\r","/apple-splash-1640-2360.jpg":"a50d054a3f10a4803b9c6115c29e667fc6262320a33c2bb24899427f7e0375a5\r","/apple-splash-1620-2160.jpg":"406c99fafc7f7e1b0fd92f5b1548eddd68beb5d80a51bbc4a8104e72bcfb6b26\r","/apple-splash-1536-2048.jpg":"d53723eaa1b20a948b8b137a2df8e4957d00bdba5029c3eb576eeed089ac8888\r","/apple-splash-1488-2266.jpg":"2348f82382bb36a3832e2c38780f074a16469bf323cb4c3b722683b81785b7ea\r","/apple-splash-1334-750.jpg":"43bc35d826563d6aa6c5c0281b1d9253f513813d16d8fc442d742a36a863b698\r","/apple-splash-1320-2868.jpg":"aa9a696f287bd28e5208ace1f3766cdaba4d23132b9264937e0c5963e508e445\r","/apple-splash-1290-2796.jpg":"56d297b9caddad53ad9c192fe7c53096b1fd7e9d09c2821a72395c418623ffbd\r","/apple-splash-1284-2778.jpg":"8e2305bbf3c96e6630d6eab30e031bc682c6d4de2dce97323b5eca3829cad411\r","/apple-splash-1260-2736.jpg":"b658eb1866e3013f6d5661682ebd351a8b3f25db480114ff25cdccb4378a4daf\r","/apple-splash-1242-2688.jpg":"fbebf562c71eeff48925038d2b11f69c44126b9e979a4fb3207bf828d830e9ff\r","/apple-splash-1242-2208.jpg":"b097cd5446acc6121a1723aa4ad3a5a5f51786dcb88a25d28f1d34e0047d43bb\r","/apple-splash-1206-2622.jpg":"d787950dacbd9cfe929309a652e8472ba4f972ff49b9f8b15941e0da92dd9673\r","/apple-splash-1179-2556.jpg":"da09fabd61d41668da98988a9eb933b0c67d1b784aab922dc31a10fa97c14f38\r","/apple-splash-1170-2532.jpg":"bbf29ae6ff67b54909f23418ae725faca89558c97f3e2d0bb3d3db6f02815901\r","/apple-splash-1136-640.jpg":"4423a30481998a4f7b41d6c3ffacac5b49d5682c236adf8bf99f87510324e1c8\r","/apple-splash-1125-2436.jpg":"70b9b5033303169140de8fd3a92c5e33655581bb3fd57882b13d48c25262b17a\r","/apple-icon-180.png":"f7dd6f386f765a1ecd0e134ec66f3bb5a90cc7cd38e2b6175057a70a37e27a0f\r","/abate_real.jpg":"e43be7d28d64acbb7fc248aa03ba064b501aa4df937c55a8d0c665f9c26ed709\r","/assets/purify.es-C_uT9hQ1.js":"9dbf175a5d4418eb66a031119d1424a8b8018745978fe8d761f22009d58944a4","/assets/index.es-BCI4Jecm.js":"40c504180b2f68b4d430f84fff411ff215492516c00d579d826ec0aa709216e6","/assets/index-DbmVYwm1.js":"bc7d8fb99d83ffd6d484e4413603c2f8a9e8912ecb5bc61f3776faacfc3d0bac","/assets/html2canvas.esm-QH1iLAAe.js":"f11fa059b23162cd079f9be9c5b6c29237e7393fcab5d04c6f2b2ac5bd7a38b3","/assets/apple-splash-750-1334-Beqo27G7.jpg":"f0a3e58664d4addbd142151d0d8f8814e2e413a353dcbe0edc526b86e3ff28e8","/assets/apple-splash-640-1136-B0EHFkhA.jpg":"354887b240bdacfbd4a76f41c15479b9c547abd1c10f5bd2546d4317a63d7dbe","/assets/apple-splash-2208-1242-DpmrIEiv.jpg":"fd9bc0f9e12a23b34ce98304f9e8371e7bf629923b80ab170696d11da3388f83","/assets/apple-splash-1334-750-Bs8hVEy9.jpg":"43bc35d826563d6aa6c5c0281b1d9253f513813d16d8fc442d742a36a863b698","/assets/apple-splash-1136-640-Yr5pXEQ2.jpg":"4423a30481998a4f7b41d6c3ffacac5b49d5682c236adf8bf99f87510324e1c8"}}
[debug] [2026-03-07T02:05:08.229Z] <<< [apiv2][status] POST https://firebasehosting.googleapis.com/v1beta1/projects/792670441939/sites/pecuaria-976e2/versions/afc683b1ee105d77:populateFiles 200
[debug] [2026-03-07T02:05:08.230Z] <<< [apiv2][body] POST https://firebasehosting.googleapis.com/v1beta1/projects/792670441939/sites/pecuaria-976e2/versions/afc683b1ee105d77:populateFiles {"uploadRequiredHashes":["28b7b0be3c1076e96f19deeedf83d0d109a2245596e8748811698c849d2068d4","aa9a696f287bd28e5208ace1f3766cdaba4d23132b9264937e0c5963e508e445","eca6db215ada835e0abb27e18da0146af2ea5b0bef6d07c8513dc4942412d4a6","f558cfc5690d5eb577724e0d8ebb7b8c77e829a4326b247afc1a36213b1109de","ff7e1cfe00ff83009a72d830c6826e88992be87e12120be90651ca5c3442c59e","948a49dde896112c93c14ff1933694a19d167ff0ca7018789ad72b121ed963de","d9983cd22494e382e83b8fca1303897ea1433354876f44e53466b23d8e66556a","22c5dbb8d10486574a9ab1d0d40bb1f970999ea428c9b78edde860010eb4d6af","d53723eaa1b20a948b8b137a2df8e4957d00bdba5029c3eb576eeed089ac8888","7c4ea1055339b5e6ca3e40cf77da7139f2ca140e86c2dd73b6af95101c97909e","4b122e8215676d2f72d7922113352c9488c5f132a2fd8fd968cfa6f4cb85b267","0ced0d39bba8b8176d3004b07fb79bbdb33219abd569a37fd3462392c7dbc735","d787950dacbd9cfe929309a652e8472ba4f972ff49b9f8b15941e0da92dd9673","8e2305bbf3c96e6630d6eab30e031bc682c6d4de2dce97323b5eca3829cad411","0796d47521dff75c06fa3a5e368ca12350f88e17f5a050f212c94961bcb8a714","f7dd6f386f765a1ecd0e134ec66f3bb5a90cc7cd38e2b6175057a70a37e27a0f","96b5069de1ba05ed6c3d836e19b7282a04e9f2c65fee601ca63c10ba70fe1ab3","8efe5ee0a5e30fa240aa19ee01a7783415796826cb5615177a0ed87639267cc9","36f9bd05e3b290b255cfb31371be3dc62e2e95f05f8e1e5978cbb838e831db8c","5f7d9dcafdf7d92d4256bf46e04b214e53102b707d1c0d008a49e1001d383594","921adda875b2e6e673535793a56ee9170ff6fcecbf848471488eacd22586d133","8274f7b82772b6074fb419b5f29c41660208c4cdbcb6a43f6c6413b12cb1aca6","07939ae624a48f6ce458ebefe756708a321f7111350244ce08721d6a64df2f39","3a43cd2c192dbc8364eec76ac1bfde7d62244f7d35e49eb8df0dbddb099c360f","62691f338ba1434ef1a87002c516794e55b092a6e1e282ff4b3b9df2200c2b03","538ba045d7dc754faa363898ee0e1fd5fcdd76430177892c289402d586e11507","fbebf562c71eeff48925038d2b11f69c44126b9e979a4fb3207bf828d830e9ff","45dddfc4f99d447d8c02351ffa14e9530d4fe939c0ad4db89f8b1c33bdc91fc3","da09fabd61d41668da98988a9eb933b0c67d1b784aab922dc31a10fa97c14f38","f8417d5ba5479d2de29fa92b582bd51de9be30f9e48961a6fafae8150cbfe9b8","98c4bad508d89be4ae18c607f296d3667301a192c293a7338a9492def1c500d0","8816c4dbd656d0f2e07c483133b4570164a07be8b4f753f4a1034f56462f336b","2348f82382bb36a3832e2c38780f074a16469bf323cb4c3b722683b81785b7ea","9e2db59fd4c25519a9cc52a591d1fc244bd1125f474f975e7104be4822ebee21","e43be7d28d64acbb7fc248aa03ba064b501aa4df937c55a8d0c665f9c26ed709","e89d97268f2995eda52818f6e89ea352f1f806a55b4c104367b2bf0d654669e2","4a22e05649f74619c7e61beb57d44a27d4e465a400c62de059c93882b8ffc056","b658eb1866e3013f6d5661682ebd351a8b3f25db480114ff25cdccb4378a4daf","406c99fafc7f7e1b0fd92f5b1548eddd68beb5d80a51bbc4a8104e72bcfb6b26","d45ad992c5d18e6acc0d5a2e46b9601342787720dfa49627e8b0ea839097c440","f22ba8c8357aa5dd68e0b48ed10c02c81a3e4ad9ddf6897919d761400c2a8031","124fd546a323f19d4b9780e33f74f353bcdfeacfa252808c94fc9f271b07384f","ffc18c32660df9673629c7983aed0a9aed7032a6835b5498cb9069d5a61fb494","05e37d4bb07fd0350ea382fa0ecd576ddd75e2323a11ba2e9acfdc99c4358a79","ec7b76f912c034e55b2e7bd0f6d678f6dce698b7ed768e10f973bf5818b6b603","b5d346f307f9aed7fb7fe989982b75c665a2a5c967b8f5c96fb38dc617223471","a50d054a3f10a4803b9c6115c29e667fc6262320a33c2bb24899427f7e0375a5","b097cd5446acc6121a1723aa4ad3a5a5f51786dcb88a25d28f1d34e0047d43bb","56d297b9caddad53ad9c192fe7c53096b1fd7e9d09c2821a72395c418623ffbd","bbf29ae6ff67b54909f23418ae725faca89558c97f3e2d0bb3d3db6f02815901","43539fb242bdcbf485b0caaf635a6c4a6a2e91d8ca4cc4472dd7460ce99f887a","7bf21fc1215e81f939701c1a30cdb2b33b3d4f32a072e6d6805cf36b995a5752","0197f0eba10976e9a50e93699fc8fbdbc06cb68db1c0464ab21cd15c83b78bcb","06e3a6df5576b765e0539b1bf34011ebd12d74660aeb40f3c63701e192239639","991f3f14eeda107446550165c020bbe139c165ad484c85517920ab7638d2f6e4","70b9b5033303169140de8fd3a92c5e33655581bb3fd57882b13d48c25262b17a"],"uploadUrl":"https://upload-firebasehosting.googleapis.com/upload/sites/pecuaria-976e2/versions/afc683b1ee105d77/files"}
[debug] [2026-03-07T02:05:08.238Z] [hosting][populate queue][FINAL] {"max":1242,"min":1242,"avg":1242,"active":0,"complete":1,"success":1,"errored":0,"retried":0,"total":1,"elapsed":1242}
[debug] [2026-03-07T02:05:08.238Z] [hosting] uploads queued: 56
[debug] [2026-03-07T02:05:08.638Z] [uploadQueue] Retrying task 28b7b0be3c1076e96f19deeedf83d0d109a2245596e8748811698c849d2068d4
[debug] [2026-03-07T02:05:08.639Z] [uploadQueue] Retrying task aa9a696f287bd28e5208ace1f3766cdaba4d23132b9264937e0c5963e508e445
[debug] [2026-03-07T02:05:08.639Z] [uploadQueue] Retrying task eca6db215ada835e0abb27e18da0146af2ea5b0bef6d07c8513dc4942412d4a6
[debug] [2026-03-07T02:05:08.639Z] [uploadQueue] Retrying task f558cfc5690d5eb577724e0d8ebb7b8c77e829a4326b247afc1a36213b1109de
[debug] [2026-03-07T02:05:08.639Z] [uploadQueue] Retrying task ff7e1cfe00ff83009a72d830c6826e88992be87e12120be90651ca5c3442c59e
[debug] [2026-03-07T02:05:08.640Z] [uploadQueue] Retrying task 948a49dde896112c93c14ff1933694a19d167ff0ca7018789ad72b121ed963de
[debug] [2026-03-07T02:05:08.640Z] [uploadQueue] Retrying task d9983cd22494e382e83b8fca1303897ea1433354876f44e53466b23d8e66556a
[debug] [2026-03-07T02:05:08.640Z] [uploadQueue] Retrying task 22c5dbb8d10486574a9ab1d0d40bb1f970999ea428c9b78edde860010eb4d6af
[debug] [2026-03-07T02:05:08.641Z] [uploadQueue] Retrying task d53723eaa1b20a948b8b137a2df8e4957d00bdba5029c3eb576eeed089ac8888
[debug] [2026-03-07T02:05:08.641Z] [uploadQueue] Retrying task 7c4ea1055339b5e6ca3e40cf77da7139f2ca140e86c2dd73b6af95101c97909e
[debug] [2026-03-07T02:05:08.641Z] [uploadQueue] Retrying task 4b122e8215676d2f72d7922113352c9488c5f132a2fd8fd968cfa6f4cb85b267
[debug] [2026-03-07T02:05:08.641Z] [uploadQueue] Retrying task 0ced0d39bba8b8176d3004b07fb79bbdb33219abd569a37fd3462392c7dbc735
[debug] [2026-03-07T02:05:08.642Z] [uploadQueue] Retrying task d787950dacbd9cfe929309a652e8472ba4f972ff49b9f8b15941e0da92dd9673
[debug] [2026-03-07T02:05:08.642Z] [uploadQueue] Retrying task 8e2305bbf3c96e6630d6eab30e031bc682c6d4de2dce97323b5eca3829cad411
[debug] [2026-03-07T02:05:08.642Z] [uploadQueue] Retrying task 0796d47521dff75c06fa3a5e368ca12350f88e17f5a050f212c94961bcb8a714
[debug] [2026-03-07T02:05:08.642Z] [uploadQueue] Retrying task f7dd6f386f765a1ecd0e134ec66f3bb5a90cc7cd38e2b6175057a70a37e27a0f
[debug] [2026-03-07T02:05:08.643Z] [uploadQueue] Retrying task 96b5069de1ba05ed6c3d836e19b7282a04e9f2c65fee601ca63c10ba70fe1ab3
[debug] [2026-03-07T02:05:08.643Z] [uploadQueue] Retrying task 8efe5ee0a5e30fa240aa19ee01a7783415796826cb5615177a0ed87639267cc9
[debug] [2026-03-07T02:05:08.643Z] [uploadQueue] Retrying task 36f9bd05e3b290b255cfb31371be3dc62e2e95f05f8e1e5978cbb838e831db8c
[debug] [2026-03-07T02:05:08.644Z] [uploadQueue] Retrying task 5f7d9dcafdf7d92d4256bf46e04b214e53102b707d1c0d008a49e1001d383594
[debug] [2026-03-07T02:05:08.644Z] [uploadQueue] Retrying task 921adda875b2e6e673535793a56ee9170ff6fcecbf848471488eacd22586d133
[debug] [2026-03-07T02:05:08.644Z] [uploadQueue] Retrying task 8274f7b82772b6074fb419b5f29c41660208c4cdbcb6a43f6c6413b12cb1aca6
[debug] [2026-03-07T02:05:08.645Z] [uploadQueue] Retrying task 07939ae624a48f6ce458ebefe756708a321f7111350244ce08721d6a64df2f39
[debug] [2026-03-07T02:05:08.645Z] [uploadQueue] Retrying task 3a43cd2c192dbc8364eec76ac1bfde7d62244f7d35e49eb8df0dbddb099c360f
[debug] [2026-03-07T02:05:08.645Z] [uploadQueue] Retrying task 62691f338ba1434ef1a87002c516794e55b092a6e1e282ff4b3b9df2200c2b03
[debug] [2026-03-07T02:05:08.645Z] [uploadQueue] Retrying task 538ba045d7dc754faa363898ee0e1fd5fcdd76430177892c289402d586e11507
[debug] [2026-03-07T02:05:08.646Z] [uploadQueue] Retrying task fbebf562c71eeff48925038d2b11f69c44126b9e979a4fb3207bf828d830e9ff
[debug] [2026-03-07T02:05:08.646Z] [uploadQueue] Retrying task 45dddfc4f99d447d8c02351ffa14e9530d4fe939c0ad4db89f8b1c33bdc91fc3
[debug] [2026-03-07T02:05:08.646Z] [uploadQueue] Retrying task da09fabd61d41668da98988a9eb933b0c67d1b784aab922dc31a10fa97c14f38
[debug] [2026-03-07T02:05:08.647Z] [uploadQueue] Retrying task f8417d5ba5479d2de29fa92b582bd51de9be30f9e48961a6fafae8150cbfe9b8
[debug] [2026-03-07T02:05:08.647Z] [uploadQueue] Retrying task 98c4bad508d89be4ae18c607f296d3667301a192c293a7338a9492def1c500d0
[debug] [2026-03-07T02:05:08.647Z] [uploadQueue] Retrying task 8816c4dbd656d0f2e07c483133b4570164a07be8b4f753f4a1034f56462f336b
[debug] [2026-03-07T02:05:08.647Z] [uploadQueue] Retrying task 2348f82382bb36a3832e2c38780f074a16469bf323cb4c3b722683b81785b7ea
[debug] [2026-03-07T02:05:08.648Z] [uploadQueue] Retrying task 9e2db59fd4c25519a9cc52a591d1fc244bd1125f474f975e7104be4822ebee21
[debug] [2026-03-07T02:05:08.648Z] [uploadQueue] Retrying task e43be7d28d64acbb7fc248aa03ba064b501aa4df937c55a8d0c665f9c26ed709
[debug] [2026-03-07T02:05:08.648Z] [uploadQueue] Retrying task e89d97268f2995eda52818f6e89ea352f1f806a55b4c104367b2bf0d654669e2
[debug] [2026-03-07T02:05:08.649Z] [uploadQueue] Retrying task 4a22e05649f74619c7e61beb57d44a27d4e465a400c62de059c93882b8ffc056
[debug] [2026-03-07T02:05:08.649Z] [uploadQueue] Retrying task b658eb1866e3013f6d5661682ebd351a8b3f25db480114ff25cdccb4378a4daf
[debug] [2026-03-07T02:05:08.649Z] [uploadQueue] Retrying task 406c99fafc7f7e1b0fd92f5b1548eddd68beb5d80a51bbc4a8104e72bcfb6b26
[debug] [2026-03-07T02:05:08.650Z] [uploadQueue] Retrying task d45ad992c5d18e6acc0d5a2e46b9601342787720dfa49627e8b0ea839097c440
[debug] [2026-03-07T02:05:08.650Z] [uploadQueue] Retrying task f22ba8c8357aa5dd68e0b48ed10c02c81a3e4ad9ddf6897919d761400c2a8031
[debug] [2026-03-07T02:05:08.650Z] [uploadQueue] Retrying task 124fd546a323f19d4b9780e33f74f353bcdfeacfa252808c94fc9f271b07384f
[debug] [2026-03-07T02:05:08.650Z] [uploadQueue] Retrying task ffc18c32660df9673629c7983aed0a9aed7032a6835b5498cb9069d5a61fb494
[debug] [2026-03-07T02:05:08.650Z] [uploadQueue] Retrying task 05e37d4bb07fd0350ea382fa0ecd576ddd75e2323a11ba2e9acfdc99c4358a79
[debug] [2026-03-07T02:05:08.651Z] [uploadQueue] Retrying task ec7b76f912c034e55b2e7bd0f6d678f6dce698b7ed768e10f973bf5818b6b603
[debug] [2026-03-07T02:05:08.651Z] [uploadQueue] Retrying task b5d346f307f9aed7fb7fe989982b75c665a2a5c967b8f5c96fb38dc617223471
[debug] [2026-03-07T02:05:08.651Z] [uploadQueue] Retrying task a50d054a3f10a4803b9c6115c29e667fc6262320a33c2bb24899427f7e0375a5
[debug] [2026-03-07T02:05:08.651Z] [uploadQueue] Retrying task b097cd5446acc6121a1723aa4ad3a5a5f51786dcb88a25d28f1d34e0047d43bb
[debug] [2026-03-07T02:05:08.651Z] [uploadQueue] Retrying task 56d297b9caddad53ad9c192fe7c53096b1fd7e9d09c2821a72395c418623ffbd
[debug] [2026-03-07T02:05:08.651Z] [uploadQueue] Retrying task bbf29ae6ff67b54909f23418ae725faca89558c97f3e2d0bb3d3db6f02815901
[debug] [2026-03-07T02:05:08.651Z] [uploadQueue] Retrying task 43539fb242bdcbf485b0caaf635a6c4a6a2e91d8ca4cc4472dd7460ce99f887a
[debug] [2026-03-07T02:05:08.652Z] [uploadQueue] Retrying task 7bf21fc1215e81f939701c1a30cdb2b33b3d4f32a072e6d6805cf36b995a5752
[debug] [2026-03-07T02:05:08.652Z] [uploadQueue] Retrying task 0197f0eba10976e9a50e93699fc8fbdbc06cb68db1c0464ab21cd15c83b78bcb
[debug] [2026-03-07T02:05:08.652Z] [uploadQueue] Retrying task 06e3a6df5576b765e0539b1bf34011ebd12d74660aeb40f3c63701e192239639
[debug] [2026-03-07T02:05:08.652Z] [uploadQueue] Retrying task 991f3f14eeda107446550165c020bbe139c165ad484c85517920ab7638d2f6e4
[debug] [2026-03-07T02:05:08.653Z] [uploadQueue] Retrying task 70b9b5033303169140de8fd3a92c5e33655581bb3fd57882b13d48c25262b17a
[info] i  hosting: uploading new files [0/56] (0%) 
[debug] [2026-03-07T02:05:09.452Z] [uploadQueue] Retrying task 28b7b0be3c1076e96f19deeedf83d0d109a2245596e8748811698c849d2068d4
[debug] [2026-03-07T02:05:09.453Z] [uploadQueue] Retrying task aa9a696f287bd28e5208ace1f3766cdaba4d23132b9264937e0c5963e508e445
[debug] [2026-03-07T02:05:09.453Z] [uploadQueue] Retrying task eca6db215ada835e0abb27e18da0146af2ea5b0bef6d07c8513dc4942412d4a6
[debug] [2026-03-07T02:05:09.454Z] [uploadQueue] Retrying task f558cfc5690d5eb577724e0d8ebb7b8c77e829a4326b247afc1a36213b1109de
[debug] [2026-03-07T02:05:09.454Z] [uploadQueue] Retrying task ff7e1cfe00ff83009a72d830c6826e88992be87e12120be90651ca5c3442c59e
[debug] [2026-03-07T02:05:09.454Z] [uploadQueue] Retrying task 948a49dde896112c93c14ff1933694a19d167ff0ca7018789ad72b121ed963de
[debug] [2026-03-07T02:05:09.454Z] [uploadQueue] Retrying task d9983cd22494e382e83b8fca1303897ea1433354876f44e53466b23d8e66556a
[debug] [2026-03-07T02:05:09.455Z] [uploadQueue] Retrying task 22c5dbb8d10486574a9ab1d0d40bb1f970999ea428c9b78edde860010eb4d6af
[debug] [2026-03-07T02:05:09.455Z] [uploadQueue] Retrying task d53723eaa1b20a948b8b137a2df8e4957d00bdba5029c3eb576eeed089ac8888
[debug] [2026-03-07T02:05:09.455Z] [uploadQueue] Retrying task 7c4ea1055339b5e6ca3e40cf77da7139f2ca140e86c2dd73b6af95101c97909e
[debug] [2026-03-07T02:05:09.456Z] [uploadQueue] Retrying task 4b122e8215676d2f72d7922113352c9488c5f132a2fd8fd968cfa6f4cb85b267
[debug] [2026-03-07T02:05:09.456Z] [uploadQueue] Retrying task 0ced0d39bba8b8176d3004b07fb79bbdb33219abd569a37fd3462392c7dbc735
[debug] [2026-03-07T02:05:09.456Z] [uploadQueue] Retrying task d787950dacbd9cfe929309a652e8472ba4f972ff49b9f8b15941e0da92dd9673
[debug] [2026-03-07T02:05:09.456Z] [uploadQueue] Retrying task 8e2305bbf3c96e6630d6eab30e031bc682c6d4de2dce97323b5eca3829cad411
[debug] [2026-03-07T02:05:09.456Z] [uploadQueue] Retrying task 0796d47521dff75c06fa3a5e368ca12350f88e17f5a050f212c94961bcb8a714
[debug] [2026-03-07T02:05:09.457Z] [uploadQueue] Retrying task f7dd6f386f765a1ecd0e134ec66f3bb5a90cc7cd38e2b6175057a70a37e27a0f
[debug] [2026-03-07T02:05:09.457Z] [uploadQueue] Retrying task 96b5069de1ba05ed6c3d836e19b7282a04e9f2c65fee601ca63c10ba70fe1ab3
[debug] [2026-03-07T02:05:09.457Z] [uploadQueue] Retrying task 8efe5ee0a5e30fa240aa19ee01a7783415796826cb5615177a0ed87639267cc9
[debug] [2026-03-07T02:05:09.457Z] [uploadQueue] Retrying task 36f9bd05e3b290b255cfb31371be3dc62e2e95f05f8e1e5978cbb838e831db8c
[debug] [2026-03-07T02:05:09.457Z] [uploadQueue] Retrying task 5f7d9dcafdf7d92d4256bf46e04b214e53102b707d1c0d008a49e1001d383594
[debug] [2026-03-07T02:05:09.457Z] [uploadQueue] Retrying task 921adda875b2e6e673535793a56ee9170ff6fcecbf848471488eacd22586d133
[debug] [2026-03-07T02:05:09.458Z] [uploadQueue] Retrying task 8274f7b82772b6074fb419b5f29c41660208c4cdbcb6a43f6c6413b12cb1aca6
[debug] [2026-03-07T02:05:09.458Z] [uploadQueue] Retrying task 07939ae624a48f6ce458ebefe756708a321f7111350244ce08721d6a64df2f39
[debug] [2026-03-07T02:05:09.458Z] [uploadQueue] Retrying task 3a43cd2c192dbc8364eec76ac1bfde7d62244f7d35e49eb8df0dbddb099c360f
[debug] [2026-03-07T02:05:09.458Z] [uploadQueue] Retrying task 62691f338ba1434ef1a87002c516794e55b092a6e1e282ff4b3b9df2200c2b03
[debug] [2026-03-07T02:05:09.458Z] [uploadQueue] Retrying task 538ba045d7dc754faa363898ee0e1fd5fcdd76430177892c289402d586e11507
[debug] [2026-03-07T02:05:09.459Z] [uploadQueue] Retrying task fbebf562c71eeff48925038d2b11f69c44126b9e979a4fb3207bf828d830e9ff
[debug] [2026-03-07T02:05:09.459Z] [uploadQueue] Retrying task 45dddfc4f99d447d8c02351ffa14e9530d4fe939c0ad4db89f8b1c33bdc91fc3
[debug] [2026-03-07T02:05:09.459Z] [uploadQueue] Retrying task da09fabd61d41668da98988a9eb933b0c67d1b784aab922dc31a10fa97c14f38
[debug] [2026-03-07T02:05:09.459Z] [uploadQueue] Retrying task f8417d5ba5479d2de29fa92b582bd51de9be30f9e48961a6fafae8150cbfe9b8
[debug] [2026-03-07T02:05:09.460Z] [uploadQueue] Retrying task 98c4bad508d89be4ae18c607f296d3667301a192c293a7338a9492def1c500d0
[debug] [2026-03-07T02:05:09.460Z] [uploadQueue] Retrying task 8816c4dbd656d0f2e07c483133b4570164a07be8b4f753f4a1034f56462f336b
[debug] [2026-03-07T02:05:09.460Z] [uploadQueue] Retrying task 2348f82382bb36a3832e2c38780f074a16469bf323cb4c3b722683b81785b7ea
[debug] [2026-03-07T02:05:09.460Z] [uploadQueue] Retrying task 9e2db59fd4c25519a9cc52a591d1fc244bd1125f474f975e7104be4822ebee21
[debug] [2026-03-07T02:05:09.460Z] [uploadQueue] Retrying task e43be7d28d64acbb7fc248aa03ba064b501aa4df937c55a8d0c665f9c26ed709
[debug] [2026-03-07T02:05:09.461Z] [uploadQueue] Retrying task e89d97268f2995eda52818f6e89ea352f1f806a55b4c104367b2bf0d654669e2
[debug] [2026-03-07T02:05:09.461Z] [uploadQueue] Retrying task 4a22e05649f74619c7e61beb57d44a27d4e465a400c62de059c93882b8ffc056
[debug] [2026-03-07T02:05:09.462Z] [uploadQueue] Retrying task b658eb1866e3013f6d5661682ebd351a8b3f25db480114ff25cdccb4378a4daf
[debug] [2026-03-07T02:05:09.462Z] [uploadQueue] Retrying task 406c99fafc7f7e1b0fd92f5b1548eddd68beb5d80a51bbc4a8104e72bcfb6b26
[debug] [2026-03-07T02:05:09.462Z] [uploadQueue] Retrying task d45ad992c5d18e6acc0d5a2e46b9601342787720dfa49627e8b0ea839097c440
[debug] [2026-03-07T02:05:09.463Z] [uploadQueue] Retrying task f22ba8c8357aa5dd68e0b48ed10c02c81a3e4ad9ddf6897919d761400c2a8031
[debug] [2026-03-07T02:05:09.463Z] [uploadQueue] Retrying task 124fd546a323f19d4b9780e33f74f353bcdfeacfa252808c94fc9f271b07384f
[debug] [2026-03-07T02:05:09.463Z] [uploadQueue] Retrying task ffc18c32660df9673629c7983aed0a9aed7032a6835b5498cb9069d5a61fb494
[debug] [2026-03-07T02:05:09.463Z] [uploadQueue] Retrying task 05e37d4bb07fd0350ea382fa0ecd576ddd75e2323a11ba2e9acfdc99c4358a79
[debug] [2026-03-07T02:05:09.463Z] [uploadQueue] Retrying task ec7b76f912c034e55b2e7bd0f6d678f6dce698b7ed768e10f973bf5818b6b603
[debug] [2026-03-07T02:05:09.463Z] [uploadQueue] Retrying task b5d346f307f9aed7fb7fe989982b75c665a2a5c967b8f5c96fb38dc617223471
[debug] [2026-03-07T02:05:09.464Z] [uploadQueue] Retrying task a50d054a3f10a4803b9c6115c29e667fc6262320a33c2bb24899427f7e0375a5
[debug] [2026-03-07T02:05:09.464Z] [uploadQueue] Retrying task b097cd5446acc6121a1723aa4ad3a5a5f51786dcb88a25d28f1d34e0047d43bb
[debug] [2026-03-07T02:05:09.464Z] [uploadQueue] Retrying task 56d297b9caddad53ad9c192fe7c53096b1fd7e9d09c2821a72395c418623ffbd
[debug] [2026-03-07T02:05:09.464Z] [uploadQueue] Retrying task bbf29ae6ff67b54909f23418ae725faca89558c97f3e2d0bb3d3db6f02815901
[debug] [2026-03-07T02:05:09.464Z] [uploadQueue] Retrying task 43539fb242bdcbf485b0caaf635a6c4a6a2e91d8ca4cc4472dd7460ce99f887a
[debug] [2026-03-07T02:05:09.465Z] [uploadQueue] Retrying task 7bf21fc1215e81f939701c1a30cdb2b33b3d4f32a072e6d6805cf36b995a5752
[debug] [2026-03-07T02:05:09.465Z] [uploadQueue] Retrying task 0197f0eba10976e9a50e93699fc8fbdbc06cb68db1c0464ab21cd15c83b78bcb
[debug] [2026-03-07T02:05:09.465Z] [uploadQueue] Retrying task 06e3a6df5576b765e0539b1bf34011ebd12d74660aeb40f3c63701e192239639
[debug] [2026-03-07T02:05:09.465Z] [uploadQueue] Retrying task 991f3f14eeda107446550165c020bbe139c165ad484c85517920ab7638d2f6e4
[debug] [2026-03-07T02:05:09.466Z] [uploadQueue] Retrying task 70b9b5033303169140de8fd3a92c5e33655581bb3fd57882b13d48c25262b17a
[info] i  hosting: uploading new files [0/56] (0%) 
[debug] [2026-03-07T02:05:11.062Z] [uploadQueue] Retrying task 28b7b0be3c1076e96f19deeedf83d0d109a2245596e8748811698c849d2068d4
[debug] [2026-03-07T02:05:11.063Z] [uploadQueue] Retrying task aa9a696f287bd28e5208ace1f3766cdaba4d23132b9264937e0c5963e508e445
[debug] [2026-03-07T02:05:11.064Z] [uploadQueue] Retrying task eca6db215ada835e0abb27e18da0146af2ea5b0bef6d07c8513dc4942412d4a6
[debug] [2026-03-07T02:05:11.065Z] [uploadQueue] Retrying task f558cfc5690d5eb577724e0d8ebb7b8c77e829a4326b247afc1a36213b1109de
[debug] [2026-03-07T02:05:11.065Z] [uploadQueue] Retrying task ff7e1cfe00ff83009a72d830c6826e88992be87e12120be90651ca5c3442c59e
[debug] [2026-03-07T02:05:11.066Z] [uploadQueue] Retrying task 948a49dde896112c93c14ff1933694a19d167ff0ca7018789ad72b121ed963de
[debug] [2026-03-07T02:05:11.067Z] [uploadQueue] Retrying task d9983cd22494e382e83b8fca1303897ea1433354876f44e53466b23d8e66556a
[debug] [2026-03-07T02:05:11.067Z] [uploadQueue] Retrying task 22c5dbb8d10486574a9ab1d0d40bb1f970999ea428c9b78edde860010eb4d6af
[debug] [2026-03-07T02:05:11.068Z] [uploadQueue] Retrying task d53723eaa1b20a948b8b137a2df8e4957d00bdba5029c3eb576eeed089ac8888
[debug] [2026-03-07T02:05:11.068Z] [uploadQueue] Retrying task 7c4ea1055339b5e6ca3e40cf77da7139f2ca140e86c2dd73b6af95101c97909e
[debug] [2026-03-07T02:05:11.068Z] [uploadQueue] Retrying task 4b122e8215676d2f72d7922113352c9488c5f132a2fd8fd968cfa6f4cb85b267
[debug] [2026-03-07T02:05:11.069Z] [uploadQueue] Retrying task 0ced0d39bba8b8176d3004b07fb79bbdb33219abd569a37fd3462392c7dbc735
[debug] [2026-03-07T02:05:11.069Z] [uploadQueue] Retrying task d787950dacbd9cfe929309a652e8472ba4f972ff49b9f8b15941e0da92dd9673
[debug] [2026-03-07T02:05:11.070Z] [uploadQueue] Retrying task 8e2305bbf3c96e6630d6eab30e031bc682c6d4de2dce97323b5eca3829cad411
[debug] [2026-03-07T02:05:11.071Z] [uploadQueue] Retrying task 0796d47521dff75c06fa3a5e368ca12350f88e17f5a050f212c94961bcb8a714
[debug] [2026-03-07T02:05:11.071Z] [uploadQueue] Retrying task f7dd6f386f765a1ecd0e134ec66f3bb5a90cc7cd38e2b6175057a70a37e27a0f
[debug] [2026-03-07T02:05:11.072Z] [uploadQueue] Retrying task 96b5069de1ba05ed6c3d836e19b7282a04e9f2c65fee601ca63c10ba70fe1ab3
[debug] [2026-03-07T02:05:11.072Z] [uploadQueue] Retrying task 8efe5ee0a5e30fa240aa19ee01a7783415796826cb5615177a0ed87639267cc9
[debug] [2026-03-07T02:05:11.073Z] [uploadQueue] Retrying task 36f9bd05e3b290b255cfb31371be3dc62e2e95f05f8e1e5978cbb838e831db8c
[debug] [2026-03-07T02:05:11.073Z] [uploadQueue] Retrying task 5f7d9dcafdf7d92d4256bf46e04b214e53102b707d1c0d008a49e1001d383594
[debug] [2026-03-07T02:05:11.073Z] [uploadQueue] Retrying task 921adda875b2e6e673535793a56ee9170ff6fcecbf848471488eacd22586d133
[debug] [2026-03-07T02:05:11.074Z] [uploadQueue] Retrying task 8274f7b82772b6074fb419b5f29c41660208c4cdbcb6a43f6c6413b12cb1aca6
[debug] [2026-03-07T02:05:11.074Z] [uploadQueue] Retrying task 07939ae624a48f6ce458ebefe756708a321f7111350244ce08721d6a64df2f39
[debug] [2026-03-07T02:05:11.074Z] [uploadQueue] Retrying task 3a43cd2c192dbc8364eec76ac1bfde7d62244f7d35e49eb8df0dbddb099c360f
[debug] [2026-03-07T02:05:11.075Z] [uploadQueue] Retrying task 62691f338ba1434ef1a87002c516794e55b092a6e1e282ff4b3b9df2200c2b03
[debug] [2026-03-07T02:05:11.076Z] [uploadQueue] Retrying task 538ba045d7dc754faa363898ee0e1fd5fcdd76430177892c289402d586e11507
[debug] [2026-03-07T02:05:11.079Z] [uploadQueue] Retrying task fbebf562c71eeff48925038d2b11f69c44126b9e979a4fb3207bf828d830e9ff
[debug] [2026-03-07T02:05:11.079Z] [uploadQueue] Retrying task 45dddfc4f99d447d8c02351ffa14e9530d4fe939c0ad4db89f8b1c33bdc91fc3
[debug] [2026-03-07T02:05:11.080Z] [uploadQueue] Retrying task da09fabd61d41668da98988a9eb933b0c67d1b784aab922dc31a10fa97c14f38
[debug] [2026-03-07T02:05:11.080Z] [uploadQueue] Retrying task f8417d5ba5479d2de29fa92b582bd51de9be30f9e48961a6fafae8150cbfe9b8
[debug] [2026-03-07T02:05:11.080Z] [uploadQueue] Retrying task 98c4bad508d89be4ae18c607f296d3667301a192c293a7338a9492def1c500d0
[debug] [2026-03-07T02:05:11.080Z] [uploadQueue] Retrying task 8816c4dbd656d0f2e07c483133b4570164a07be8b4f753f4a1034f56462f336b
[debug] [2026-03-07T02:05:11.081Z] [uploadQueue] Retrying task 2348f82382bb36a3832e2c38780f074a16469bf323cb4c3b722683b81785b7ea
[debug] [2026-03-07T02:05:11.081Z] [uploadQueue] Retrying task 9e2db59fd4c25519a9cc52a591d1fc244bd1125f474f975e7104be4822ebee21
[debug] [2026-03-07T02:05:11.081Z] [uploadQueue] Retrying task e43be7d28d64acbb7fc248aa03ba064b501aa4df937c55a8d0c665f9c26ed709
[debug] [2026-03-07T02:05:11.081Z] [uploadQueue] Retrying task e89d97268f2995eda52818f6e89ea352f1f806a55b4c104367b2bf0d654669e2
[debug] [2026-03-07T02:05:11.082Z] [uploadQueue] Retrying task 4a22e05649f74619c7e61beb57d44a27d4e465a400c62de059c93882b8ffc056
[debug] [2026-03-07T02:05:11.082Z] [uploadQueue] Retrying task b658eb1866e3013f6d5661682ebd351a8b3f25db480114ff25cdccb4378a4daf
[debug] [2026-03-07T02:05:11.082Z] [uploadQueue] Retrying task 406c99fafc7f7e1b0fd92f5b1548eddd68beb5d80a51bbc4a8104e72bcfb6b26
[debug] [2026-03-07T02:05:11.082Z] [uploadQueue] Retrying task d45ad992c5d18e6acc0d5a2e46b9601342787720dfa49627e8b0ea839097c440
[debug] [2026-03-07T02:05:11.083Z] [uploadQueue] Retrying task f22ba8c8357aa5dd68e0b48ed10c02c81a3e4ad9ddf6897919d761400c2a8031
[debug] [2026-03-07T02:05:11.084Z] [uploadQueue] Retrying task 124fd546a323f19d4b9780e33f74f353bcdfeacfa252808c94fc9f271b07384f
[debug] [2026-03-07T02:05:11.084Z] [uploadQueue] Retrying task ffc18c32660df9673629c7983aed0a9aed7032a6835b5498cb9069d5a61fb494
[debug] [2026-03-07T02:05:11.084Z] [uploadQueue] Retrying task 05e37d4bb07fd0350ea382fa0ecd576ddd75e2323a11ba2e9acfdc99c4358a79
[debug] [2026-03-07T02:05:11.084Z] [uploadQueue] Retrying task ec7b76f912c034e55b2e7bd0f6d678f6dce698b7ed768e10f973bf5818b6b603
[debug] [2026-03-07T02:05:11.084Z] [uploadQueue] Retrying task b5d346f307f9aed7fb7fe989982b75c665a2a5c967b8f5c96fb38dc617223471
[debug] [2026-03-07T02:05:11.084Z] [uploadQueue] Retrying task a50d054a3f10a4803b9c6115c29e667fc6262320a33c2bb24899427f7e0375a5
[debug] [2026-03-07T02:05:11.085Z] [uploadQueue] Retrying task b097cd5446acc6121a1723aa4ad3a5a5f51786dcb88a25d28f1d34e0047d43bb
[debug] [2026-03-07T02:05:11.085Z] [uploadQueue] Retrying task 56d297b9caddad53ad9c192fe7c53096b1fd7e9d09c2821a72395c418623ffbd
[debug] [2026-03-07T02:05:11.085Z] [uploadQueue] Retrying task bbf29ae6ff67b54909f23418ae725faca89558c97f3e2d0bb3d3db6f02815901
[debug] [2026-03-07T02:05:11.085Z] [uploadQueue] Retrying task 43539fb242bdcbf485b0caaf635a6c4a6a2e91d8ca4cc4472dd7460ce99f887a
[debug] [2026-03-07T02:05:11.085Z] [uploadQueue] Retrying task 7bf21fc1215e81f939701c1a30cdb2b33b3d4f32a072e6d6805cf36b995a5752
[debug] [2026-03-07T02:05:11.086Z] [uploadQueue] Retrying task 0197f0eba10976e9a50e93699fc8fbdbc06cb68db1c0464ab21cd15c83b78bcb
[debug] [2026-03-07T02:05:11.086Z] [uploadQueue] Retrying task 06e3a6df5576b765e0539b1bf34011ebd12d74660aeb40f3c63701e192239639
[debug] [2026-03-07T02:05:11.086Z] [uploadQueue] Retrying task 991f3f14eeda107446550165c020bbe139c165ad484c85517920ab7638d2f6e4
[debug] [2026-03-07T02:05:11.086Z] [uploadQueue] Retrying task 70b9b5033303169140de8fd3a92c5e33655581bb3fd57882b13d48c25262b17a
[info] i  hosting: uploading new files [0/56] (0%) 
[debug] [2026-03-07T02:05:14.264Z] [uploadQueue] Retrying task 28b7b0be3c1076e96f19deeedf83d0d109a2245596e8748811698c849d2068d4
[debug] [2026-03-07T02:05:14.265Z] [uploadQueue] Retrying task aa9a696f287bd28e5208ace1f3766cdaba4d23132b9264937e0c5963e508e445
[debug] [2026-03-07T02:05:14.266Z] [uploadQueue] Retrying task eca6db215ada835e0abb27e18da0146af2ea5b0bef6d07c8513dc4942412d4a6
[debug] [2026-03-07T02:05:14.266Z] [uploadQueue] Retrying task f558cfc5690d5eb577724e0d8ebb7b8c77e829a4326b247afc1a36213b1109de
[debug] [2026-03-07T02:05:14.266Z] [uploadQueue] Retrying task ff7e1cfe00ff83009a72d830c6826e88992be87e12120be90651ca5c3442c59e
[debug] [2026-03-07T02:05:14.267Z] [uploadQueue] Retrying task 948a49dde896112c93c14ff1933694a19d167ff0ca7018789ad72b121ed963de
[debug] [2026-03-07T02:05:14.267Z] [uploadQueue] Retrying task d9983cd22494e382e83b8fca1303897ea1433354876f44e53466b23d8e66556a
[debug] [2026-03-07T02:05:14.267Z] [uploadQueue] Retrying task 22c5dbb8d10486574a9ab1d0d40bb1f970999ea428c9b78edde860010eb4d6af
[debug] [2026-03-07T02:05:14.268Z] [uploadQueue] Retrying task d53723eaa1b20a948b8b137a2df8e4957d00bdba5029c3eb576eeed089ac8888
[debug] [2026-03-07T02:05:14.268Z] [uploadQueue] Retrying task 7c4ea1055339b5e6ca3e40cf77da7139f2ca140e86c2dd73b6af95101c97909e
[debug] [2026-03-07T02:05:14.271Z] [uploadQueue] Retrying task 4b122e8215676d2f72d7922113352c9488c5f132a2fd8fd968cfa6f4cb85b267
[debug] [2026-03-07T02:05:14.272Z] [uploadQueue] Retrying task 0ced0d39bba8b8176d3004b07fb79bbdb33219abd569a37fd3462392c7dbc735
[debug] [2026-03-07T02:05:14.273Z] [uploadQueue] Retrying task d787950dacbd9cfe929309a652e8472ba4f972ff49b9f8b15941e0da92dd9673
[debug] [2026-03-07T02:05:14.273Z] [uploadQueue] Retrying task 8e2305bbf3c96e6630d6eab30e031bc682c6d4de2dce97323b5eca3829cad411
[debug] [2026-03-07T02:05:14.273Z] [uploadQueue] Retrying task 0796d47521dff75c06fa3a5e368ca12350f88e17f5a050f212c94961bcb8a714
[debug] [2026-03-07T02:05:14.275Z] [uploadQueue] Retrying task f7dd6f386f765a1ecd0e134ec66f3bb5a90cc7cd38e2b6175057a70a37e27a0f
[debug] [2026-03-07T02:05:14.276Z] [uploadQueue] Retrying task 96b5069de1ba05ed6c3d836e19b7282a04e9f2c65fee601ca63c10ba70fe1ab3
[debug] [2026-03-07T02:05:14.276Z] [uploadQueue] Retrying task 8efe5ee0a5e30fa240aa19ee01a7783415796826cb5615177a0ed87639267cc9
[debug] [2026-03-07T02:05:14.277Z] [uploadQueue] Retrying task 36f9bd05e3b290b255cfb31371be3dc62e2e95f05f8e1e5978cbb838e831db8c
[debug] [2026-03-07T02:05:14.278Z] [uploadQueue] Retrying task 5f7d9dcafdf7d92d4256bf46e04b214e53102b707d1c0d008a49e1001d383594
[debug] [2026-03-07T02:05:14.279Z] [uploadQueue] Retrying task 921adda875b2e6e673535793a56ee9170ff6fcecbf848471488eacd22586d133
[debug] [2026-03-07T02:05:14.279Z] [uploadQueue] Retrying task 8274f7b82772b6074fb419b5f29c41660208c4cdbcb6a43f6c6413b12cb1aca6
[debug] [2026-03-07T02:05:14.280Z] [uploadQueue] Retrying task 07939ae624a48f6ce458ebefe756708a321f7111350244ce08721d6a64df2f39
[debug] [2026-03-07T02:05:14.281Z] [uploadQueue] Retrying task 3a43cd2c192dbc8364eec76ac1bfde7d62244f7d35e49eb8df0dbddb099c360f
[debug] [2026-03-07T02:05:14.284Z] [uploadQueue] Retrying task 62691f338ba1434ef1a87002c516794e55b092a6e1e282ff4b3b9df2200c2b03
[debug] [2026-03-07T02:05:14.285Z] [uploadQueue] Retrying task 538ba045d7dc754faa363898ee0e1fd5fcdd76430177892c289402d586e11507
[debug] [2026-03-07T02:05:14.285Z] [uploadQueue] Retrying task fbebf562c71eeff48925038d2b11f69c44126b9e979a4fb3207bf828d830e9ff
[debug] [2026-03-07T02:05:14.286Z] [uploadQueue] Retrying task 45dddfc4f99d447d8c02351ffa14e9530d4fe939c0ad4db89f8b1c33bdc91fc3
[debug] [2026-03-07T02:05:14.286Z] [uploadQueue] Retrying task da09fabd61d41668da98988a9eb933b0c67d1b784aab922dc31a10fa97c14f38
[debug] [2026-03-07T02:05:14.287Z] [uploadQueue] Retrying task f8417d5ba5479d2de29fa92b582bd51de9be30f9e48961a6fafae8150cbfe9b8
[debug] [2026-03-07T02:05:14.287Z] [uploadQueue] Retrying task 98c4bad508d89be4ae18c607f296d3667301a192c293a7338a9492def1c500d0
[debug] [2026-03-07T02:05:14.288Z] [uploadQueue] Retrying task 8816c4dbd656d0f2e07c483133b4570164a07be8b4f753f4a1034f56462f336b
[debug] [2026-03-07T02:05:14.288Z] [uploadQueue] Retrying task 2348f82382bb36a3832e2c38780f074a16469bf323cb4c3b722683b81785b7ea
[debug] [2026-03-07T02:05:14.288Z] [uploadQueue] Retrying task 9e2db59fd4c25519a9cc52a591d1fc244bd1125f474f975e7104be4822ebee21
[debug] [2026-03-07T02:05:14.289Z] [uploadQueue] Retrying task e43be7d28d64acbb7fc248aa03ba064b501aa4df937c55a8d0c665f9c26ed709
[debug] [2026-03-07T02:05:14.289Z] [uploadQueue] Retrying task e89d97268f2995eda52818f6e89ea352f1f806a55b4c104367b2bf0d654669e2
[debug] [2026-03-07T02:05:14.290Z] [uploadQueue] Retrying task 4a22e05649f74619c7e61beb57d44a27d4e465a400c62de059c93882b8ffc056
[debug] [2026-03-07T02:05:14.290Z] [uploadQueue] Retrying task b658eb1866e3013f6d5661682ebd351a8b3f25db480114ff25cdccb4378a4daf
[debug] [2026-03-07T02:05:14.291Z] [uploadQueue] Retrying task 406c99fafc7f7e1b0fd92f5b1548eddd68beb5d80a51bbc4a8104e72bcfb6b26
[debug] [2026-03-07T02:05:14.293Z] [uploadQueue] Retrying task d45ad992c5d18e6acc0d5a2e46b9601342787720dfa49627e8b0ea839097c440
[debug] [2026-03-07T02:05:14.294Z] [uploadQueue] Retrying task f22ba8c8357aa5dd68e0b48ed10c02c81a3e4ad9ddf6897919d761400c2a8031
[debug] [2026-03-07T02:05:14.294Z] [uploadQueue] Retrying task 124fd546a323f19d4b9780e33f74f353bcdfeacfa252808c94fc9f271b07384f
[debug] [2026-03-07T02:05:14.295Z] [uploadQueue] Retrying task ffc18c32660df9673629c7983aed0a9aed7032a6835b5498cb9069d5a61fb494
[debug] [2026-03-07T02:05:14.296Z] [uploadQueue] Retrying task 05e37d4bb07fd0350ea382fa0ecd576ddd75e2323a11ba2e9acfdc99c4358a79
[debug] [2026-03-07T02:05:14.296Z] [uploadQueue] Retrying task ec7b76f912c034e55b2e7bd0f6d678f6dce698b7ed768e10f973bf5818b6b603
[debug] [2026-03-07T02:05:14.297Z] [uploadQueue] Retrying task b5d346f307f9aed7fb7fe989982b75c665a2a5c967b8f5c96fb38dc617223471
[debug] [2026-03-07T02:05:14.297Z] [uploadQueue] Retrying task a50d054a3f10a4803b9c6115c29e667fc6262320a33c2bb24899427f7e0375a5
[debug] [2026-03-07T02:05:14.298Z] [uploadQueue] Retrying task b097cd5446acc6121a1723aa4ad3a5a5f51786dcb88a25d28f1d34e0047d43bb
[debug] [2026-03-07T02:05:14.298Z] [uploadQueue] Retrying task 56d297b9caddad53ad9c192fe7c53096b1fd7e9d09c2821a72395c418623ffbd
[debug] [2026-03-07T02:05:14.298Z] [uploadQueue] Retrying task bbf29ae6ff67b54909f23418ae725faca89558c97f3e2d0bb3d3db6f02815901
[debug] [2026-03-07T02:05:14.298Z] [uploadQueue] Retrying task 43539fb242bdcbf485b0caaf635a6c4a6a2e91d8ca4cc4472dd7460ce99f887a
[debug] [2026-03-07T02:05:14.299Z] [uploadQueue] Retrying task 7bf21fc1215e81f939701c1a30cdb2b33b3d4f32a072e6d6805cf36b995a5752
[debug] [2026-03-07T02:05:14.299Z] [uploadQueue] Retrying task 0197f0eba10976e9a50e93699fc8fbdbc06cb68db1c0464ab21cd15c83b78bcb
[debug] [2026-03-07T02:05:14.300Z] [uploadQueue] Retrying task 06e3a6df5576b765e0539b1bf34011ebd12d74660aeb40f3c63701e192239639
[debug] [2026-03-07T02:05:14.301Z] [uploadQueue] Retrying task 991f3f14eeda107446550165c020bbe139c165ad484c85517920ab7638d2f6e4
[debug] [2026-03-07T02:05:14.301Z] [uploadQueue] Retrying task 70b9b5033303169140de8fd3a92c5e33655581bb3fd57882b13d48c25262b17a
[info] i  hosting: uploading new files [0/56] (0%) 
[info] i  hosting: uploading new files [0/56] (0%) 
[info] i  hosting: uploading new files [0/56] (0%) 
[debug] [2026-03-07T02:05:20.669Z] [uploadQueue] Retrying task 28b7b0be3c1076e96f19deeedf83d0d109a2245596e8748811698c849d2068d4
[debug] Task 28b7b0be3c1076e96f19deeedf83d0d109a2245596e8748811698c849d2068d4 failed: retries exhausted after 6 attempts, with error: The "paths[1]" argument must be of type string. Received undefined
[debug] [2026-03-07T02:05:20.672Z] [hosting][upload queue][FINAL] {"max":0,"min":9999999999,"avg":0,"active":55,"complete":1,"success":0,"errored":1,"retried":225,"total":56,"elapsed":12442}
[info] i  hosting: uploading new files [1/56] (1%) 
[debug] [2026-03-07T02:05:20.682Z] [uploadQueue] Retrying task aa9a696f287bd28e5208ace1f3766cdaba4d23132b9264937e0c5963e508e445
[debug] Task aa9a696f287bd28e5208ace1f3766cdaba4d23132b9264937e0c5963e508e445 failed: retries exhausted after 6 attempts, with error: The "paths[1]" argument must be of type string. Received undefined
[debug] [2026-03-07T02:05:20.683Z] [uploadQueue] Retrying task eca6db215ada835e0abb27e18da0146af2ea5b0bef6d07c8513dc4942412d4a6
[debug] Task eca6db215ada835e0abb27e18da0146af2ea5b0bef6d07c8513dc4942412d4a6 failed: retries exhausted after 6 attempts, with error: The "paths[1]" argument must be of type string. Received undefined
[debug] [2026-03-07T02:05:20.684Z] [uploadQueue] Retrying task f558cfc5690d5eb577724e0d8ebb7b8c77e829a4326b247afc1a36213b1109de
[debug] Task f558cfc5690d5eb577724e0d8ebb7b8c77e829a4326b247afc1a36213b1109de failed: retries exhausted after 6 attempts, with error: The "paths[1]" argument must be of type string. Received undefined
[debug] [2026-03-07T02:05:20.686Z] [uploadQueue] Retrying task ff7e1cfe00ff83009a72d830c6826e88992be87e12120be90651ca5c3442c59e
[debug] Task ff7e1cfe00ff83009a72d830c6826e88992be87e12120be90651ca5c3442c59e failed: retries exhausted after 6 attempts, with error: The "paths[1]" argument must be of type string. Received undefined
[debug] [2026-03-07T02:05:20.687Z] [uploadQueue] Retrying task 948a49dde896112c93c14ff1933694a19d167ff0ca7018789ad72b121ed963de
[debug] Task 948a49dde896112c93c14ff1933694a19d167ff0ca7018789ad72b121ed963de failed: retries exhausted after 6 attempts, with error: The "paths[1]" argument must be of type string. Received undefined
[debug] [2026-03-07T02:05:20.687Z] [uploadQueue] Retrying task d9983cd22494e382e83b8fca1303897ea1433354876f44e53466b23d8e66556a
[debug] Task d9983cd22494e382e83b8fca1303897ea1433354876f44e53466b23d8e66556a failed: retries exhausted after 6 attempts, with error: The "paths[1]" argument must be of type string. Received undefined
[debug] [2026-03-07T02:05:20.688Z] [uploadQueue] Retrying task 22c5dbb8d10486574a9ab1d0d40bb1f970999ea428c9b78edde860010eb4d6af
[debug] Task 22c5dbb8d10486574a9ab1d0d40bb1f970999ea428c9b78edde860010eb4d6af failed: retries exhausted after 6 attempts, with error: The "paths[1]" argument must be of type string. Received undefined
[debug] [2026-03-07T02:05:20.689Z] [uploadQueue] Retrying task d53723eaa1b20a948b8b137a2df8e4957d00bdba5029c3eb576eeed089ac8888
[debug] Task d53723eaa1b20a948b8b137a2df8e4957d00bdba5029c3eb576eeed089ac8888 failed: retries exhausted after 6 attempts, with error: The "paths[1]" argument must be of type string. Received undefined
[debug] [2026-03-07T02:05:20.690Z] [uploadQueue] Retrying task 7c4ea1055339b5e6ca3e40cf77da7139f2ca140e86c2dd73b6af95101c97909e
[debug] Task 7c4ea1055339b5e6ca3e40cf77da7139f2ca140e86c2dd73b6af95101c97909e failed: retries exhausted after 6 attempts, with error: The "paths[1]" argument must be of type string. Received undefined
[debug] [2026-03-07T02:05:20.691Z] [uploadQueue] Retrying task 4b122e8215676d2f72d7922113352c9488c5f132a2fd8fd968cfa6f4cb85b267
[debug] Task 4b122e8215676d2f72d7922113352c9488c5f132a2fd8fd968cfa6f4cb85b267 failed: retries exhausted after 6 attempts, with error: The "paths[1]" argument must be of type string. Received undefined
[debug] [2026-03-07T02:05:20.692Z] [uploadQueue] Retrying task 0ced0d39bba8b8176d3004b07fb79bbdb33219abd569a37fd3462392c7dbc735
[debug] Task 0ced0d39bba8b8176d3004b07fb79bbdb33219abd569a37fd3462392c7dbc735 failed: retries exhausted after 6 attempts, with error: The "paths[1]" argument must be of type string. Received undefined
[debug] [2026-03-07T02:05:20.693Z] [uploadQueue] Retrying task d787950dacbd9cfe929309a652e8472ba4f972ff49b9f8b15941e0da92dd9673
[debug] Task d787950dacbd9cfe929309a652e8472ba4f972ff49b9f8b15941e0da92dd9673 failed: retries exhausted after 6 attempts, with error: The "paths[1]" argument must be of type string. Received undefined
[debug] [2026-03-07T02:05:20.693Z] [uploadQueue] Retrying task 8e2305bbf3c96e6630d6eab30e031bc682c6d4de2dce97323b5eca3829cad411
[debug] Task 8e2305bbf3c96e6630d6eab30e031bc682c6d4de2dce97323b5eca3829cad411 failed: retries exhausted after 6 attempts, with error: The "paths[1]" argument must be of type string. Received undefined
[debug] [2026-03-07T02:05:20.694Z] [uploadQueue] Retrying task 0796d47521dff75c06fa3a5e368ca12350f88e17f5a050f212c94961bcb8a714
[debug] Task 0796d47521dff75c06fa3a5e368ca12350f88e17f5a050f212c94961bcb8a714 failed: retries exhausted after 6 attempts, with error: The "paths[1]" argument must be of type string. Received undefined
[debug] [2026-03-07T02:05:20.695Z] [uploadQueue] Retrying task f7dd6f386f765a1ecd0e134ec66f3bb5a90cc7cd38e2b6175057a70a37e27a0f
[debug] Task f7dd6f386f765a1ecd0e134ec66f3bb5a90cc7cd38e2b6175057a70a37e27a0f failed: retries exhausted after 6 attempts, with error: The "paths[1]" argument must be of type string. Received undefined
[debug] [2026-03-07T02:05:20.695Z] [uploadQueue] Retrying task 96b5069de1ba05ed6c3d836e19b7282a04e9f2c65fee601ca63c10ba70fe1ab3
[debug] Task 96b5069de1ba05ed6c3d836e19b7282a04e9f2c65fee601ca63c10ba70fe1ab3 failed: retries exhausted after 6 attempts, with error: The "paths[1]" argument must be of type string. Received undefined
[debug] [2026-03-07T02:05:20.696Z] [uploadQueue] Retrying task 8efe5ee0a5e30fa240aa19ee01a7783415796826cb5615177a0ed87639267cc9
[debug] Task 8efe5ee0a5e30fa240aa19ee01a7783415796826cb5615177a0ed87639267cc9 failed: retries exhausted after 6 attempts, with error: The "paths[1]" argument must be of type string. Received undefined
[debug] [2026-03-07T02:05:20.697Z] [uploadQueue] Retrying task 36f9bd05e3b290b255cfb31371be3dc62e2e95f05f8e1e5978cbb838e831db8c
[debug] Task 36f9bd05e3b290b255cfb31371be3dc62e2e95f05f8e1e5978cbb838e831db8c failed: retries exhausted after 6 attempts, with error: The "paths[1]" argument must be of type string. Received undefined
[debug] [2026-03-07T02:05:20.698Z] [uploadQueue] Retrying task 5f7d9dcafdf7d92d4256bf46e04b214e53102b707d1c0d008a49e1001d383594
[debug] Task 5f7d9dcafdf7d92d4256bf46e04b214e53102b707d1c0d008a49e1001d383594 failed: retries exhausted after 6 attempts, with error: The "paths[1]" argument must be of type string. Received undefined
[debug] [2026-03-07T02:05:20.699Z] [uploadQueue] Retrying task 921adda875b2e6e673535793a56ee9170ff6fcecbf848471488eacd22586d133
[debug] Task 921adda875b2e6e673535793a56ee9170ff6fcecbf848471488eacd22586d133 failed: retries exhausted after 6 attempts, with error: The "paths[1]" argument must be of type string. Received undefined
[debug] [2026-03-07T02:05:20.700Z] [uploadQueue] Retrying task 8274f7b82772b6074fb419b5f29c41660208c4cdbcb6a43f6c6413b12cb1aca6
[debug] Task 8274f7b82772b6074fb419b5f29c41660208c4cdbcb6a43f6c6413b12cb1aca6 failed: retries exhausted after 6 attempts, with error: The "paths[1]" argument must be of type string. Received undefined
[debug] [2026-03-07T02:05:20.700Z] [uploadQueue] Retrying task 07939ae624a48f6ce458ebefe756708a321f7111350244ce08721d6a64df2f39
[debug] Task 07939ae624a48f6ce458ebefe756708a321f7111350244ce08721d6a64df2f39 failed: retries exhausted after 6 attempts, with error: The "paths[1]" argument must be of type string. Received undefined
[debug] [2026-03-07T02:05:20.701Z] [uploadQueue] Retrying task 3a43cd2c192dbc8364eec76ac1bfde7d62244f7d35e49eb8df0dbddb099c360f
[debug] Task 3a43cd2c192dbc8364eec76ac1bfde7d62244f7d35e49eb8df0dbddb099c360f failed: retries exhausted after 6 attempts, with error: The "paths[1]" argument must be of type string. Received undefined
[debug] [2026-03-07T02:05:20.702Z] [uploadQueue] Retrying task 62691f338ba1434ef1a87002c516794e55b092a6e1e282ff4b3b9df2200c2b03
[debug] Task 62691f338ba1434ef1a87002c516794e55b092a6e1e282ff4b3b9df2200c2b03 failed: retries exhausted after 6 attempts, with error: The "paths[1]" argument must be of type string. Received undefined
[debug] [2026-03-07T02:05:20.703Z] [uploadQueue] Retrying task 538ba045d7dc754faa363898ee0e1fd5fcdd76430177892c289402d586e11507
[debug] Task 538ba045d7dc754faa363898ee0e1fd5fcdd76430177892c289402d586e11507 failed: retries exhausted after 6 attempts, with error: The "paths[1]" argument must be of type string. Received undefined
[debug] [2026-03-07T02:05:20.703Z] [uploadQueue] Retrying task fbebf562c71eeff48925038d2b11f69c44126b9e979a4fb3207bf828d830e9ff
[debug] Task fbebf562c71eeff48925038d2b11f69c44126b9e979a4fb3207bf828d830e9ff failed: retries exhausted after 6 attempts, with error: The "paths[1]" argument must be of type string. Received undefined
[debug] [2026-03-07T02:05:20.704Z] [uploadQueue] Retrying task 45dddfc4f99d447d8c02351ffa14e9530d4fe939c0ad4db89f8b1c33bdc91fc3
[debug] Task 45dddfc4f99d447d8c02351ffa14e9530d4fe939c0ad4db89f8b1c33bdc91fc3 failed: retries exhausted after 6 attempts, with error: The "paths[1]" argument must be of type string. Received undefined
[debug] [2026-03-07T02:05:20.705Z] [uploadQueue] Retrying task da09fabd61d41668da98988a9eb933b0c67d1b784aab922dc31a10fa97c14f38
[debug] Task da09fabd61d41668da98988a9eb933b0c67d1b784aab922dc31a10fa97c14f38 failed: retries exhausted after 6 attempts, with error: The "paths[1]" argument must be of type string. Received undefined
[debug] [2026-03-07T02:05:20.706Z] [uploadQueue] Retrying task f8417d5ba5479d2de29fa92b582bd51de9be30f9e48961a6fafae8150cbfe9b8
[debug] Task f8417d5ba5479d2de29fa92b582bd51de9be30f9e48961a6fafae8150cbfe9b8 failed: retries exhausted after 6 attempts, with error: The "paths[1]" argument must be of type string. Received undefined
[debug] [2026-03-07T02:05:20.707Z] [uploadQueue] Retrying task 98c4bad508d89be4ae18c607f296d3667301a192c293a7338a9492def1c500d0
[debug] Task 98c4bad508d89be4ae18c607f296d3667301a192c293a7338a9492def1c500d0 failed: retries exhausted after 6 attempts, with error: The "paths[1]" argument must be of type string. Received undefined
[debug] [2026-03-07T02:05:20.708Z] [uploadQueue] Retrying task 8816c4dbd656d0f2e07c483133b4570164a07be8b4f753f4a1034f56462f336b
[debug] Task 8816c4dbd656d0f2e07c483133b4570164a07be8b4f753f4a1034f56462f336b failed: retries exhausted after 6 attempts, with error: The "paths[1]" argument must be of type string. Received undefined
[debug] [2026-03-07T02:05:20.709Z] [uploadQueue] Retrying task 2348f82382bb36a3832e2c38780f074a16469bf323cb4c3b722683b81785b7ea
[debug] Task 2348f82382bb36a3832e2c38780f074a16469bf323cb4c3b722683b81785b7ea failed: retries exhausted after 6 attempts, with error: The "paths[1]" argument must be of type string. Received undefined
[debug] [2026-03-07T02:05:20.710Z] [uploadQueue] Retrying task 9e2db59fd4c25519a9cc52a591d1fc244bd1125f474f975e7104be4822ebee21
[debug] Task 9e2db59fd4c25519a9cc52a591d1fc244bd1125f474f975e7104be4822ebee21 failed: retries exhausted after 6 attempts, with error: The "paths[1]" argument must be of type string. Received undefined
[debug] [2026-03-07T02:05:20.711Z] [uploadQueue] Retrying task e43be7d28d64acbb7fc248aa03ba064b501aa4df937c55a8d0c665f9c26ed709
[debug] Task e43be7d28d64acbb7fc248aa03ba064b501aa4df937c55a8d0c665f9c26ed709 failed: retries exhausted after 6 attempts, with error: The "paths[1]" argument must be of type string. Received undefined
[debug] [2026-03-07T02:05:20.712Z] [uploadQueue] Retrying task e89d97268f2995eda52818f6e89ea352f1f806a55b4c104367b2bf0d654669e2
[debug] Task e89d97268f2995eda52818f6e89ea352f1f806a55b4c104367b2bf0d654669e2 failed: retries exhausted after 6 attempts, with error: The "paths[1]" argument must be of type string. Received undefined
[debug] [2026-03-07T02:05:20.712Z] [uploadQueue] Retrying task 4a22e05649f74619c7e61beb57d44a27d4e465a400c62de059c93882b8ffc056
[debug] Task 4a22e05649f74619c7e61beb57d44a27d4e465a400c62de059c93882b8ffc056 failed: retries exhausted after 6 attempts, with error: The "paths[1]" argument must be of type string. Received undefined
[debug] [2026-03-07T02:05:20.712Z] [uploadQueue] Retrying task b658eb1866e3013f6d5661682ebd351a8b3f25db480114ff25cdccb4378a4daf
[debug] Task b658eb1866e3013f6d5661682ebd351a8b3f25db480114ff25cdccb4378a4daf failed: retries exhausted after 6 attempts, with error: The "paths[1]" argument must be of type string. Received undefined
[debug] [2026-03-07T02:05:20.716Z] [uploadQueue] Retrying task 406c99fafc7f7e1b0fd92f5b1548eddd68beb5d80a51bbc4a8104e72bcfb6b26
[debug] Task 406c99fafc7f7e1b0fd92f5b1548eddd68beb5d80a51bbc4a8104e72bcfb6b26 failed: retries exhausted after 6 attempts, with error: The "paths[1]" argument must be of type string. Received undefined
[debug] [2026-03-07T02:05:20.717Z] [uploadQueue] Retrying task d45ad992c5d18e6acc0d5a2e46b9601342787720dfa49627e8b0ea839097c440
[debug] Task d45ad992c5d18e6acc0d5a2e46b9601342787720dfa49627e8b0ea839097c440 failed: retries exhausted after 6 attempts, with error: The "paths[1]" argument must be of type string. Received undefined
[debug] [2026-03-07T02:05:20.718Z] [uploadQueue] Retrying task f22ba8c8357aa5dd68e0b48ed10c02c81a3e4ad9ddf6897919d761400c2a8031
[debug] Task f22ba8c8357aa5dd68e0b48ed10c02c81a3e4ad9ddf6897919d761400c2a8031 failed: retries exhausted after 6 attempts, with error: The "paths[1]" argument must be of type string. Received undefined
[debug] [2026-03-07T02:05:20.719Z] [uploadQueue] Retrying task 124fd546a323f19d4b9780e33f74f353bcdfeacfa252808c94fc9f271b07384f
[debug] Task 124fd546a323f19d4b9780e33f74f353bcdfeacfa252808c94fc9f271b07384f failed: retries exhausted after 6 attempts, with error: The "paths[1]" argument must be of type string. Received undefined
[debug] [2026-03-07T02:05:20.720Z] [uploadQueue] Retrying task ffc18c32660df9673629c7983aed0a9aed7032a6835b5498cb9069d5a61fb494
[debug] Task ffc18c32660df9673629c7983aed0a9aed7032a6835b5498cb9069d5a61fb494 failed: retries exhausted after 6 attempts, with error: The "paths[1]" argument must be of type string. Received undefined
[debug] [2026-03-07T02:05:20.720Z] [uploadQueue] Retrying task 05e37d4bb07fd0350ea382fa0ecd576ddd75e2323a11ba2e9acfdc99c4358a79
[debug] Task 05e37d4bb07fd0350ea382fa0ecd576ddd75e2323a11ba2e9acfdc99c4358a79 failed: retries exhausted after 6 attempts, with error: The "paths[1]" argument must be of type string. Received undefined
[debug] [2026-03-07T02:05:20.721Z] [uploadQueue] Retrying task ec7b76f912c034e55b2e7bd0f6d678f6dce698b7ed768e10f973bf5818b6b603
[debug] Task ec7b76f912c034e55b2e7bd0f6d678f6dce698b7ed768e10f973bf5818b6b603 failed: retries exhausted after 6 attempts, with error: The "paths[1]" argument must be of type string. Received undefined
[debug] [2026-03-07T02:05:20.722Z] [uploadQueue] Retrying task b5d346f307f9aed7fb7fe989982b75c665a2a5c967b8f5c96fb38dc617223471
[debug] Task b5d346f307f9aed7fb7fe989982b75c665a2a5c967b8f5c96fb38dc617223471 failed: retries exhausted after 6 attempts, with error: The "paths[1]" argument must be of type string. Received undefined
[debug] [2026-03-07T02:05:20.722Z] [uploadQueue] Retrying task a50d054a3f10a4803b9c6115c29e667fc6262320a33c2bb24899427f7e0375a5
[debug] Task a50d054a3f10a4803b9c6115c29e667fc6262320a33c2bb24899427f7e0375a5 failed: retries exhausted after 6 attempts, with error: The "paths[1]" argument must be of type string. Received undefined
[debug] [2026-03-07T02:05:20.723Z] [uploadQueue] Retrying task b097cd5446acc6121a1723aa4ad3a5a5f51786dcb88a25d28f1d34e0047d43bb
[debug] Task b097cd5446acc6121a1723aa4ad3a5a5f51786dcb88a25d28f1d34e0047d43bb failed: retries exhausted after 6 attempts, with error: The "paths[1]" argument must be of type string. Received undefined
[debug] [2026-03-07T02:05:20.724Z] [uploadQueue] Retrying task 56d297b9caddad53ad9c192fe7c53096b1fd7e9d09c2821a72395c418623ffbd
[debug] Task 56d297b9caddad53ad9c192fe7c53096b1fd7e9d09c2821a72395c418623ffbd failed: retries exhausted after 6 attempts, with error: The "paths[1]" argument must be of type string. Received undefined
[debug] [2026-03-07T02:05:20.725Z] [uploadQueue] Retrying task bbf29ae6ff67b54909f23418ae725faca89558c97f3e2d0bb3d3db6f02815901
[debug] Task bbf29ae6ff67b54909f23418ae725faca89558c97f3e2d0bb3d3db6f02815901 failed: retries exhausted after 6 attempts, with error: The "paths[1]" argument must be of type string. Received undefined
[debug] [2026-03-07T02:05:20.726Z] [uploadQueue] Retrying task 43539fb242bdcbf485b0caaf635a6c4a6a2e91d8ca4cc4472dd7460ce99f887a
[debug] Task 43539fb242bdcbf485b0caaf635a6c4a6a2e91d8ca4cc4472dd7460ce99f887a failed: retries exhausted after 6 attempts, with error: The "paths[1]" argument must be of type string. Received undefined
[debug] [2026-03-07T02:05:20.726Z] [uploadQueue] Retrying task 7bf21fc1215e81f939701c1a30cdb2b33b3d4f32a072e6d6805cf36b995a5752
[debug] Task 7bf21fc1215e81f939701c1a30cdb2b33b3d4f32a072e6d6805cf36b995a5752 failed: retries exhausted after 6 attempts, with error: The "paths[1]" argument must be of type string. Received undefined
[debug] [2026-03-07T02:05:20.727Z] [uploadQueue] Retrying task 0197f0eba10976e9a50e93699fc8fbdbc06cb68db1c0464ab21cd15c83b78bcb
[debug] Task 0197f0eba10976e9a50e93699fc8fbdbc06cb68db1c0464ab21cd15c83b78bcb failed: retries exhausted after 6 attempts, with error: The "paths[1]" argument must be of type string. Received undefined
[debug] [2026-03-07T02:05:20.728Z] [uploadQueue] Retrying task 06e3a6df5576b765e0539b1bf34011ebd12d74660aeb40f3c63701e192239639
[debug] Task 06e3a6df5576b765e0539b1bf34011ebd12d74660aeb40f3c63701e192239639 failed: retries exhausted after 6 attempts, with error: The "paths[1]" argument must be of type string. Received undefined
[debug] [2026-03-07T02:05:20.728Z] [uploadQueue] Retrying task 991f3f14eeda107446550165c020bbe139c165ad484c85517920ab7638d2f6e4
[debug] Task 991f3f14eeda107446550165c020bbe139c165ad484c85517920ab7638d2f6e4 failed: retries exhausted after 6 attempts, with error: The "paths[1]" argument must be of type string. Received undefined
[debug] [2026-03-07T02:05:20.729Z] [uploadQueue] Retrying task 70b9b5033303169140de8fd3a92c5e33655581bb3fd57882b13d48c25262b17a
[debug] Task 70b9b5033303169140de8fd3a92c5e33655581bb3fd57882b13d48c25262b17a failed: retries exhausted after 6 attempts, with error: The "paths[1]" argument must be of type string. Received undefined
[debug] [2026-03-07T02:05:22.043Z] TypeError [ERR_INVALID_ARG_TYPE]: The "paths[1]" argument must be of type string. Received undefined
    at Object.resolve (node:path:199:9)
    at Uploader.zipStream (C:\Users\Priscila\AppData\Roaming\npm\node_modules\firebase-tools\lib\deploy\hosting\uploader.js:198:47)
    at Uploader.uploadHandler (C:\Users\Priscila\AppData\Roaming\npm\node_modules\firebase-tools\lib\deploy\hosting\uploader.js:182:24)
    at Queue.executeTask (C:\Users\Priscila\AppData\Roaming\npm\node_modules\firebase-tools\lib\throttler\throttler.js:181:33)
    at Queue.executeTask (C:\Users\Priscila\AppData\Roaming\npm\node_modules\firebase-tools\lib\throttler\throttler.js:194:25)
    at runNextTicks (node:internal/process/task_queues:64:5)
    at listOnTimeout (node:internal/timers:567:9)
    at process.processTimers (node:internal/timers:541:7)
    at async Queue.handle (C:\Users\Priscila\AppData\Roaming\npm\node_modules\firebase-tools\lib\throttler\throttler.js:97:22)
[error] 
[error] Error: Task 28b7b0be3c1076e96f19deeedf83d0d109a2245596e8748811698c849d2068d4 failed: retries exhausted after 6 attempts, with error: The "paths[1]" argument must be of type string. Received undefined
